d:\documents\uni year 3\networking\networking-coursework\networkingcoursework\networkingcoursework\x64\debug\vc142.pdb
d:\documents\uni year 3\networking\networking-coursework\networkingcoursework\networkingcoursework\x64\debug\vc142.idb
d:\documents\uni year 3\networking\networking-coursework\networkingcoursework\networkingcoursework\x64\debug\server.obj
d:\documents\uni year 3\networking\networking-coursework\networkingcoursework\networkingcoursework\x64\debug\player.obj
d:\documents\uni year 3\networking\networking-coursework\networkingcoursework\networkingcoursework\x64\debug\main.obj
d:\documents\uni year 3\networking\networking-coursework\networkingcoursework\networkingcoursework\x64\debug\client.obj
d:\documents\uni year 3\networking\networking-coursework\networkingcoursework\networkingcoursework\x64\debug\source.obj
c:\users\jrope\onedrive - abertay university\documents\uni year 3\cmp303 - networking\networking-coursework\networkingcoursework\x64\debug\networkingcoursework.exe
c:\users\jrope\onedrive - abertay university\documents\uni year 3\cmp303 - networking\networking-coursework\networkingcoursework\x64\debug\networkingcoursework.ilk
c:\users\jrope\onedrive - abertay university\documents\uni year 3\cmp303 - networking\networking-coursework\networkingcoursework\x64\debug\networkingcoursework.pdb
d:\documents\uni year 3\networking\networking-coursework\networkingcoursework\x64\debug\networkingcoursework.exe
d:\documents\uni year 3\networking\networking-coursework\networkingcoursework\x64\debug\networkingcoursework.ilk
d:\documents\uni year 3\networking\networking-coursework\networkingcoursework\x64\debug\networkingcoursework.pdb
d:\documents\uni year 3\networking\networking-coursework\networkingcoursework\networkingcoursework\x64\debug\game.obj
d:\documents\uni year 3\networking\networking-coursework\networkingcoursework\networkingcoursework\x64\debug\server.obj.enc
d:\documents\uni year 3\networking\networking-coursework\networkingcoursework\networkingcoursework\x64\debug\networki.cb5d8e3f.tlog\cl.command.1.tlog
d:\documents\uni year 3\networking\networking-coursework\networkingcoursework\networkingcoursework\x64\debug\networki.cb5d8e3f.tlog\cl.read.1.tlog
d:\documents\uni year 3\networking\networking-coursework\networkingcoursework\networkingcoursework\x64\debug\networki.cb5d8e3f.tlog\cl.write.1.tlog
d:\documents\uni year 3\networking\networking-coursework\networkingcoursework\networkingcoursework\x64\debug\networki.cb5d8e3f.tlog\link.command.1.tlog
d:\documents\uni year 3\networking\networking-coursework\networkingcoursework\networkingcoursework\x64\debug\networki.cb5d8e3f.tlog\link.read.1.tlog
d:\documents\uni year 3\networking\networking-coursework\networkingcoursework\networkingcoursework\x64\debug\networki.cb5d8e3f.tlog\link.write.1.tlog
